Info: Generated by version: 22.2 build 94
Info: Starting: Create simulation model
Info: qsys-generate C:\FDAS_AGILEX_SVN_QUARTUS_22_2_1\Projects\SKA\altera\quartus\19.4\ip\PCIE_HIP_FDAS\PCIE_HIP_FDAS_clock_in.ip --simulation=VHDL --allow-mixed-language-simulation --output-directory=C:\FDAS_AGILEX_SVN_QUARTUS_22_2_1\Projects\SKA\altera\quartus\19.4\ip\PCIE_HIP_FDAS\PCIE_HIP_FDAS_clock_in --family=Agilex --part=AGFB014R24A2E2VR0
Info: PCIE_HIP_FDAS_clock_in: "Transforming system: PCIE_HIP_FDAS_clock_in"
Info: PCIE_HIP_FDAS_clock_in: "Naming system components in system: PCIE_HIP_FDAS_clock_in"
Info: PCIE_HIP_FDAS_clock_in: "Processing generation queue"
Info: PCIE_HIP_FDAS_clock_in: "Generating: PCIE_HIP_FDAS_clock_in"
Info: PCIE_HIP_FDAS_clock_in: Done "PCIE_HIP_FDAS_clock_in" with 1 modules, 1 files
Info: Generating the following file(s) for MODELSIM simulator in C:/FDAS_AGILEX_SVN_QUARTUS_22_2_1/Projects/SKA/altera/quartus/19.4/ip/PCIE_HIP_FDAS/PCIE_HIP_FDAS_clock_in/sim/ directory:
Info: 	common/modelsim_files.tcl
Info: Generating the following file(s) for RIVIERA simulator in C:/FDAS_AGILEX_SVN_QUARTUS_22_2_1/Projects/SKA/altera/quartus/19.4/ip/PCIE_HIP_FDAS/PCIE_HIP_FDAS_clock_in/sim/ directory:
Info: 	common/riviera_files.tcl
Info: For information on how to simulate your IP, see the explanatory comments in the simulator-specific subdirectories under C:/FDAS_AGILEX_SVN_QUARTUS_22_2_1/Projects/SKA/altera/quartus/19.4/ip/PCIE_HIP_FDAS/PCIE_HIP_FDAS_clock_in/sim/.
Info: Regenerate these scripts whenever you make any change to any Quartus-generated IP in your project.
Info: qsys-generate succeeded.
Info: Finished: Create simulation model
Info: Starting: Create simulation script
Info: sim-script-gen --system-file=C:\FDAS_AGILEX_SVN_QUARTUS_22_2_1\Projects\SKA\altera\quartus\19.4\ip\PCIE_HIP_FDAS\PCIE_HIP_FDAS_clock_in.ip --output-directory=C:/FDAS_AGILEX_SVN_QUARTUS_22_2_1/Projects/SKA/altera/quartus/19.4/ip/PCIE_HIP_FDAS/PCIE_HIP_FDAS_clock_in/sim/ --use-relative-paths=true
Info: Generating the following file(s) for MODELSIM simulator in C:/FDAS_AGILEX_SVN_QUARTUS_22_2_1/Projects/SKA/altera/quartus/19.4/ip/PCIE_HIP_FDAS/PCIE_HIP_FDAS_clock_in/sim/ directory:
Info: 	mentor/msim_setup.tcl
Info: Generating the following file(s) for RIVIERA simulator in C:/FDAS_AGILEX_SVN_QUARTUS_22_2_1/Projects/SKA/altera/quartus/19.4/ip/PCIE_HIP_FDAS/PCIE_HIP_FDAS_clock_in/sim/ directory:
Info: 	aldec/rivierapro_setup.tcl
Info: For information on how to simulate your IP, see the explanatory comments in the simulator-specific subdirectories under C:/FDAS_AGILEX_SVN_QUARTUS_22_2_1/Projects/SKA/altera/quartus/19.4/ip/PCIE_HIP_FDAS/PCIE_HIP_FDAS_clock_in/sim/.
Info: Regenerate these scripts whenever you make any change to any Quartus-generated IP in your project.
Info: Finished: Create simulation script
Info: Starting: Create block symbol file (.bsf)
Info: qsys-generate C:\FDAS_AGILEX_SVN_QUARTUS_22_2_1\Projects\SKA\altera\quartus\19.4\ip\PCIE_HIP_FDAS\PCIE_HIP_FDAS_clock_in.ip --block-symbol-file --output-directory=C:\FDAS_AGILEX_SVN_QUARTUS_22_2_1\Projects\SKA\altera\quartus\19.4\ip\PCIE_HIP_FDAS\PCIE_HIP_FDAS_clock_in --family=Agilex --part=AGFB014R24A2E2VR0
Info: qsys-generate succeeded.
Info: Finished: Create block symbol file (.bsf)
Info: 
Info: Starting: Create HDL design files for synthesis
Info: qsys-generate C:\FDAS_AGILEX_SVN_QUARTUS_22_2_1\Projects\SKA\altera\quartus\19.4\ip\PCIE_HIP_FDAS\PCIE_HIP_FDAS_clock_in.ip --synthesis=VHDL --output-directory=C:\FDAS_AGILEX_SVN_QUARTUS_22_2_1\Projects\SKA\altera\quartus\19.4\ip\PCIE_HIP_FDAS\PCIE_HIP_FDAS_clock_in --family=Agilex --part=AGFB014R24A2E2VR0
Info: PCIE_HIP_FDAS_clock_in: "Transforming system: PCIE_HIP_FDAS_clock_in"
Info: PCIE_HIP_FDAS_clock_in: "Naming system components in system: PCIE_HIP_FDAS_clock_in"
Info: PCIE_HIP_FDAS_clock_in: "Processing generation queue"
Info: PCIE_HIP_FDAS_clock_in: "Generating: PCIE_HIP_FDAS_clock_in"
Info: PCIE_HIP_FDAS_clock_in: Done "PCIE_HIP_FDAS_clock_in" with 1 modules, 1 files
Info: qsys-generate succeeded.
Info: Finished: Create HDL design files for synthesis
