Info: Generated by version: 22.4 build 94
Info: Starting: Create simulation model
Info: qsys-generate C:\FDAS_PI17\FDAS_PI17_3_DDR_22_4\Projects\SKA\altera\quartus\22.2\pcie_hip\ip\PCIE_HIP_FDAS\PCIE_HIP_FDAS_mm_wr_transparent_3.ip --simulation=VHDL --allow-mixed-language-simulation --simulator=MODELSIM --output-directory=C:\FDAS_PI17\FDAS_PI17_3_DDR_22_4\Projects\SKA\altera\quartus\22.2\pcie_hip\ip\PCIE_HIP_FDAS\PCIE_HIP_FDAS_mm_wr_transparent_3 --family=Agilex --part=AGFB014R24B2E2V
Info: PCIE_HIP_FDAS_mm_wr_transparent_3: "Transforming system: PCIE_HIP_FDAS_mm_wr_transparent_3"
Info: PCIE_HIP_FDAS_mm_wr_transparent_3: "Naming system components in system: PCIE_HIP_FDAS_mm_wr_transparent_3"
Info: PCIE_HIP_FDAS_mm_wr_transparent_3: "Processing generation queue"
Info: PCIE_HIP_FDAS_mm_wr_transparent_3: "Generating: PCIE_HIP_FDAS_mm_wr_transparent_3"
Info: PCIE_HIP_FDAS_mm_wr_transparent_3: "Generating: mm_wr_transparent"
Info: PCIE_HIP_FDAS_mm_wr_transparent_3: Done "PCIE_HIP_FDAS_mm_wr_transparent_3" with 2 modules, 3 files
Info: Generating the following file(s) for MODELSIM simulator in C:/FDAS_PI17/FDAS_PI17_3_DDR_22_4/Projects/SKA/altera/quartus/22.2/pcie_hip/ip/PCIE_HIP_FDAS/PCIE_HIP_FDAS_mm_wr_transparent_3/sim/ directory:
Info: 	common/modelsim_files.tcl
Info: For information on how to simulate your IP, see the explanatory comments in the simulator-specific subdirectories under C:/FDAS_PI17/FDAS_PI17_3_DDR_22_4/Projects/SKA/altera/quartus/22.2/pcie_hip/ip/PCIE_HIP_FDAS/PCIE_HIP_FDAS_mm_wr_transparent_3/sim/.
Info: Regenerate these scripts whenever you make any change to any Quartus-generated IP in your project.
Info: Finished: Create simulation model
Info: Starting: Create simulation script
Info: sim-script-gen --system-file=C:\FDAS_PI17\FDAS_PI17_3_DDR_22_4\Projects\SKA\altera\quartus\22.2\pcie_hip\ip\PCIE_HIP_FDAS\PCIE_HIP_FDAS_mm_wr_transparent_3.ip --simulator=MODELSIM --output-directory=C:/FDAS_PI17/FDAS_PI17_3_DDR_22_4/Projects/SKA/altera/quartus/22.2/pcie_hip/ip/PCIE_HIP_FDAS/PCIE_HIP_FDAS_mm_wr_transparent_3/sim/ --use-relative-paths=true
Info: Generating the following file(s) for MODELSIM simulator in C:/FDAS_PI17/FDAS_PI17_3_DDR_22_4/Projects/SKA/altera/quartus/22.2/pcie_hip/ip/PCIE_HIP_FDAS/PCIE_HIP_FDAS_mm_wr_transparent_3/sim/ directory:
Info: 	mentor/msim_setup.tcl
Info: For information on how to simulate your IP, see the explanatory comments in the simulator-specific subdirectories under C:/FDAS_PI17/FDAS_PI17_3_DDR_22_4/Projects/SKA/altera/quartus/22.2/pcie_hip/ip/PCIE_HIP_FDAS/PCIE_HIP_FDAS_mm_wr_transparent_3/sim/.
Info: Regenerate these scripts whenever you make any change to any Quartus-generated IP in your project.
Info: Finished: Create simulation script
Info: Starting: Create block symbol file (.bsf)
Info: qsys-generate C:\FDAS_PI17\FDAS_PI17_3_DDR_22_4\Projects\SKA\altera\quartus\22.2\pcie_hip\ip\PCIE_HIP_FDAS\PCIE_HIP_FDAS_mm_wr_transparent_3.ip --block-symbol-file --output-directory=C:\FDAS_PI17\FDAS_PI17_3_DDR_22_4\Projects\SKA\altera\quartus\22.2\pcie_hip\ip\PCIE_HIP_FDAS\PCIE_HIP_FDAS_mm_wr_transparent_3 --family=Agilex --part=AGFB014R24B2E2V
Info: Finished: Create block symbol file (.bsf)
Info: 
Info: Starting: Create HDL design files for synthesis
Info: qsys-generate C:\FDAS_PI17\FDAS_PI17_3_DDR_22_4\Projects\SKA\altera\quartus\22.2\pcie_hip\ip\PCIE_HIP_FDAS\PCIE_HIP_FDAS_mm_wr_transparent_3.ip --synthesis=VHDL --output-directory=C:\FDAS_PI17\FDAS_PI17_3_DDR_22_4\Projects\SKA\altera\quartus\22.2\pcie_hip\ip\PCIE_HIP_FDAS\PCIE_HIP_FDAS_mm_wr_transparent_3 --family=Agilex --part=AGFB014R24B2E2V
Info: PCIE_HIP_FDAS_mm_wr_transparent_3: "Transforming system: PCIE_HIP_FDAS_mm_wr_transparent_3"
Info: PCIE_HIP_FDAS_mm_wr_transparent_3: "Naming system components in system: PCIE_HIP_FDAS_mm_wr_transparent_3"
Info: PCIE_HIP_FDAS_mm_wr_transparent_3: "Processing generation queue"
Info: PCIE_HIP_FDAS_mm_wr_transparent_3: "Generating: PCIE_HIP_FDAS_mm_wr_transparent_3"
Info: PCIE_HIP_FDAS_mm_wr_transparent_3: "Generating: mm_wr_transparent"
Info: PCIE_HIP_FDAS_mm_wr_transparent_3: Done "PCIE_HIP_FDAS_mm_wr_transparent_3" with 2 modules, 3 files
Info: Finished: Create HDL design files for synthesis
