Info: Generated by version: 22.2 build 94
Info: Starting: Create simulation model
Info: qsys-generate C:\Users\taylorj\AppData\Local\Temp\alt9205_5721319087393712767.dir\0001_emif_fm_0_gen\sim\ip\ed_sim\ed_sim_sim_checker.ip --simulation=VHDL --allow-mixed-language-simulation --output-directory=C:\Users\taylorj\AppData\Local\Temp\alt9205_5721319087393712767.dir\0001_emif_fm_0_gen\sim\ip\ed_sim\ed_sim_sim_checker --family=Agilex --part=AGFB014R24B2E2V
Info: ed_sim_sim_checker: "Transforming system: ed_sim_sim_checker"
Info: ed_sim_sim_checker: "Naming system components in system: ed_sim_sim_checker"
Info: ed_sim_sim_checker: "Processing generation queue"
Info: ed_sim_sim_checker: "Generating: ed_sim_sim_checker"
Info: ed_sim_sim_checker: "Generating: altera_emif_sim_checker"
Info: ed_sim_sim_checker: Done "ed_sim_sim_checker" with 2 modules, 2 files
Info: Generating the following file(s) for MODELSIM simulator in C:/Users/taylorj/AppData/Local/Temp/alt9205_5721319087393712767.dir/0001_emif_fm_0_gen/sim/ip/ed_sim/ed_sim_sim_checker/sim/ directory:
Info: 	common/modelsim_files.tcl
Info: Generating the following file(s) for RIVIERA simulator in C:/Users/taylorj/AppData/Local/Temp/alt9205_5721319087393712767.dir/0001_emif_fm_0_gen/sim/ip/ed_sim/ed_sim_sim_checker/sim/ directory:
Info: 	common/riviera_files.tcl
Info: For information on how to simulate your IP, see the explanatory comments in the simulator-specific subdirectories under C:/Users/taylorj/AppData/Local/Temp/alt9205_5721319087393712767.dir/0001_emif_fm_0_gen/sim/ip/ed_sim/ed_sim_sim_checker/sim/.
Info: Regenerate these scripts whenever you make any change to any Quartus-generated IP in your project.
Info: qsys-generate succeeded.
Info: Finished: Create simulation model
Info: Starting: Create simulation script
Info: sim-script-gen --system-file=C:\Users\taylorj\AppData\Local\Temp\alt9205_5721319087393712767.dir\0001_emif_fm_0_gen\sim\ip\ed_sim\ed_sim_sim_checker.ip --output-directory=C:/Users/taylorj/AppData/Local/Temp/alt9205_5721319087393712767.dir/0001_emif_fm_0_gen/sim/ip/ed_sim/ed_sim_sim_checker/sim/ --use-relative-paths=true
Info: Generating the following file(s) for MODELSIM simulator in C:/Users/taylorj/AppData/Local/Temp/alt9205_5721319087393712767.dir/0001_emif_fm_0_gen/sim/ip/ed_sim/ed_sim_sim_checker/sim/ directory:
Info: 	mentor/msim_setup.tcl
Info: Generating the following file(s) for RIVIERA simulator in C:/Users/taylorj/AppData/Local/Temp/alt9205_5721319087393712767.dir/0001_emif_fm_0_gen/sim/ip/ed_sim/ed_sim_sim_checker/sim/ directory:
Info: 	aldec/rivierapro_setup.tcl
Info: For information on how to simulate your IP, see the explanatory comments in the simulator-specific subdirectories under C:/Users/taylorj/AppData/Local/Temp/alt9205_5721319087393712767.dir/0001_emif_fm_0_gen/sim/ip/ed_sim/ed_sim_sim_checker/sim/.
Info: Regenerate these scripts whenever you make any change to any Quartus-generated IP in your project.
Info: Finished: Create simulation script
