Info: Generated by version: 22.2 build 94
Info: Starting: Create simulation model
Info: qsys-generate E:\FDAS2\Projects\SKA\altera\quartus\22.2\fft1024\fft1024.ip --simulation=VHDL --allow-mixed-language-simulation --simulator=MODELSIM --output-directory=E:\FDAS2\Projects\SKA\altera\quartus\22.2\fft1024\fft1024 --family=Agilex --part=AGFB014R24B2E2V
Info: fft1024: "Transforming system: fft1024"
Info: fft1024: "Naming system components in system: fft1024"
Info: fft1024: "Processing generation queue"
Info: fft1024: "Generating: fft1024"
Info: fft1024: "Generating: fft1024_intel_FPGA_unified_fft_103_4ahuvxq"
Info: intel_FPGA_unified_fft_0: To run testbench, generate the Qsys testbench system and set TOP_LEVEL_NAME to intel_FPGA_unified_fft_103.fft1024_intel_FPGA_unified_fft_103_4ahuvxq_atb to simulate the IP core
Info: intel_FPGA_unified_fft_0: Generating test data for the testbench
Info: fft1024: Done "fft1024" with 2 modules, 24 files
Info: Generating the following file(s) for MODELSIM simulator in E:/FDAS2/Projects/SKA/altera/quartus/22.2/fft1024/fft1024/sim/ directory:
Info: 	common/modelsim_files.tcl
Info: For information on how to simulate your IP, see the explanatory comments in the simulator-specific subdirectories under E:/FDAS2/Projects/SKA/altera/quartus/22.2/fft1024/fft1024/sim/.
Info: Regenerate these scripts whenever you make any change to any Quartus-generated IP in your project.
Info: qsys-generate succeeded.
Info: Finished: Create simulation model
Info: Starting: Create simulation script
Info: sim-script-gen --system-file=E:\FDAS2\Projects\SKA\altera\quartus\22.2\fft1024\fft1024.ip --simulator=MODELSIM --output-directory=E:/FDAS2/Projects/SKA/altera/quartus/22.2/fft1024/fft1024/sim/ --use-relative-paths=true
Info: Generating the following file(s) for MODELSIM simulator in E:/FDAS2/Projects/SKA/altera/quartus/22.2/fft1024/fft1024/sim/ directory:
Info: 	mentor/msim_setup.tcl
Info: For information on how to simulate your IP, see the explanatory comments in the simulator-specific subdirectories under E:/FDAS2/Projects/SKA/altera/quartus/22.2/fft1024/fft1024/sim/.
Info: Regenerate these scripts whenever you make any change to any Quartus-generated IP in your project.
Info: Finished: Create simulation script
Info: Starting: Create block symbol file (.bsf)
Info: qsys-generate E:\FDAS2\Projects\SKA\altera\quartus\22.2\fft1024\fft1024.ip --block-symbol-file --output-directory=E:\FDAS2\Projects\SKA\altera\quartus\22.2\fft1024\fft1024 --family=Agilex --part=AGFB014R24B2E2V
Info: qsys-generate succeeded.
Info: Finished: Create block symbol file (.bsf)
Info: 
Info: Starting: Create HDL design files for synthesis
Info: qsys-generate E:\FDAS2\Projects\SKA\altera\quartus\22.2\fft1024\fft1024.ip --synthesis=VHDL --output-directory=E:\FDAS2\Projects\SKA\altera\quartus\22.2\fft1024\fft1024 --family=Agilex --part=AGFB014R24B2E2V
Info: fft1024: "Transforming system: fft1024"
Info: fft1024: "Naming system components in system: fft1024"
Info: fft1024: "Processing generation queue"
Info: fft1024: "Generating: fft1024"
Info: fft1024: "Generating: fft1024_intel_FPGA_unified_fft_103_4ahuvxq"
Info: fft1024: Done "fft1024" with 2 modules, 12 files
Info: qsys-generate succeeded.
Info: Finished: Create HDL design files for synthesis
Info: Starting: Generate IP Core Documentation
Info: No documentation filesets were found for components in fft1024. No files generated.
Info: Finished: Generate IP Core Documentation
